1774923890486:help
1774923913245:host-help
1774923933272:get-host-info
1774926648979:help
1774926666818:dashboard
1774926690493:get-host-info
1774926707994:set-ports 3000
1774926736936:get-host-infor
1774926749460:get-host-info
1774928731151:help
1774928767863:check-ports 8080
1774928784231:set-ports 8080
1774928799835:check-ports 8080
1774928830974:get-host-info
1774928891058:check-ports 8080
1774930629915:help
1774930641859:show-ports
1774930653919:set-ports
1774930671290:set-port 8080
1774930687290:set-ports 8080
1774930693802:show-posts
1774930731829:show-ports
1774930745743:check-ports
1774930780083:start-sync
1774930832488:dashborad
1774930849286:dashboard
1774930880570:help
1774930893343:set-ports 8080
1774930932750:start-sync
1774930949652:sync-status
1774931010702:get-host-info
1774945428443:help
1774945456201:set-ports 8080
1774945536283:check-ports
1774945558266:get-host-info
1774949168516:help
1774949247682:Help
1774949250505:help
1774949878928:set-ports 8080
1774949920456:start-sync
1774949955137:sync-status
1774950265907:help
1774950281126:hotkeys
1774950589905:help
1774950608966:hotkeys
